0 verbose cli /usr/bin/node /usr/lib/node_modules/npm/bin/npm-cli.js
1 info using npm@11.6.2
2 info using node@v24.11.1
3 silly config load:file:/usr/lib/node_modules/npm/npmrc
4 silly config load:file:/home/ubuntu/frontend/.npmrc
5 silly config load:file:/home/ubuntu/.npmrc
6 silly config load:file:/usr/etc/npmrc
7 verbose title npm exec ng version
8 verbose argv "exec" "--" "ng" "version"
9 verbose logfile logs-max:10 dir:/home/ubuntu/.npm/_logs/2025-12-11T10_50_09_026Z-
10 verbose logfile /home/ubuntu/.npm/_logs/2025-12-11T10_50_09_026Z-debug-0.log
11 silly logfile done cleaning log files
12 silly packumentCache heap:2348810240 maxSize:587202560 maxEntrySize:293601280
13 verbose shrinkwrap failed to load node_modules/.package-lock.json out of date, updated: node_modules
14 http fetch GET 200 https://registry.npmjs.org/ng 178ms (cache miss)
15 verbose stack Error: could not determine executable to run
15 verbose stack     at getBinFromManifest (/usr/lib/node_modules/npm/node_modules/libnpmexec/lib/get-bin-from-manifest.js:17:23)
15 verbose stack     at exec (/usr/lib/node_modules/npm/node_modules/libnpmexec/lib/index.js:206:15)
15 verbose stack     at async Npm.exec (/usr/lib/node_modules/npm/lib/npm.js:208:9)
15 verbose stack     at async module.exports (/usr/lib/node_modules/npm/lib/cli/entry.js:67:5)
16 verbose pkgid ng@0.0.0
17 error could not determine executable to run
18 verbose cwd /home/ubuntu/frontend
19 verbose os Linux 6.14.0-1017-aws
20 verbose node v24.11.1
21 verbose npm  v11.6.2
22 verbose exit 1
23 verbose code 1
24 error A complete log of this run can be found in: /home/ubuntu/.npm/_logs/2025-12-11T10_50_09_026Z-debug-0.log
