0 verbose cli /usr/bin/node /usr/bin/npm
1 info using npm@11.6.2
2 info using node@v24.11.1
3 silly config load:file:/usr/lib/node_modules/npm/npmrc
4 silly config load:file:/home/ubuntu/frontend/.npmrc
5 silly config load:file:/home/ubuntu/.npmrc
6 silly config load:file:/usr/etc/npmrc
7 verbose title npm list react
8 verbose argv "list" "react"
9 verbose logfile logs-max:10 dir:/home/ubuntu/.npm/_logs/2025-12-11T10_49_24_358Z-
10 verbose logfile /home/ubuntu/.npm/_logs/2025-12-11T10_49_24_358Z-debug-0.log
11 silly logfile done cleaning log files
12 silly packumentCache heap:2348810240 maxSize:587202560 maxEntrySize:293601280
13 verbose shrinkwrap failed to load node_modules/.package-lock.json out of date, updated: node_modules
14 verbose cwd /home/ubuntu/frontend
15 verbose os Linux 6.14.0-1017-aws
16 verbose node v24.11.1
17 verbose npm  v11.6.2
18 verbose exit 0
19 info ok
